<?xml version='1.0' encoding='UTF-8'?>
<testsuite hostname="Soyeonui-iMac.local" name="forcomp.AnagramsSuite" tests="20" errors="0" failures="0" time="0.765">
                     <properties>
[...]
</properties>
                     <testcase classname="forcomp.AnagramsSuite" name="wordOccurrences: abcd" time="0.02">
                                                 
                                               </testcase><testcase classname="forcomp.AnagramsSuite" name="wordOccurrences: Robert" time="0.0010">
                                                 
                                               </testcase><testcase classname="forcomp.AnagramsSuite" name="sentenceOccurrences: abcd e" time="0.0">
                                                 
                                               </testcase><testcase classname="forcomp.AnagramsSuite" name="wordOccurrences: zaybwc" time="0.0">
                                                 
                                               </testcase><testcase classname="forcomp.AnagramsSuite" name="sentenceOccurrences: Robert Love" time="0.0">
                                                 
                                               </testcase><testcase classname="forcomp.AnagramsSuite" name="get: eat" time="0.407">
                                                 
                                               </testcase><testcase classname="forcomp.AnagramsSuite" name="word anagrams: married" time="0.0010">
                                                 
                                               </testcase><testcase classname="forcomp.AnagramsSuite" name="word anagrams: player" time="0.0">
                                                 
                                               </testcase><testcase classname="forcomp.AnagramsSuite" name="subtract: lard - r" time="0.0020">
                                                 
                                               </testcase><testcase classname="forcomp.AnagramsSuite" name="subtract: abbc - abbc" time="0.0">
                                                 
                                               </testcase><testcase classname="forcomp.AnagramsSuite" name="subtract: lard - ra" time="0.0">
                                                 
                                               </testcase><testcase classname="forcomp.AnagramsSuite" name="combinations: []" time="0.0020">
                                                 
                                               </testcase><testcase classname="forcomp.AnagramsSuite" name="combinations: abba" time="0.0010">
                                                 
                                               </testcase><testcase classname="forcomp.AnagramsSuite" name="sentence anagrams: []" time="0.0">
                                                 
                                               </testcase><testcase classname="forcomp.AnagramsSuite" name="sentence anagrams: Linux" time="0.0020">
                                                 
                                               </testcase><testcase classname="forcomp.AnagramsSuite" name="sentence anagrams: Many ab" time="0.02">
                                                 
                                               </testcase><testcase classname="forcomp.AnagramsSuite" name="sentence anagrams: Linux rulez" time="0.062">
                                                 
                                               </testcase><testcase classname="forcomp.AnagramsSuite" name="sentence anagrams: what the hell" time="0.239">
                                                 
                                               </testcase><testcase classname="forcomp.AnagramsSuite" name="sentence anagrams: ZZZzzz" time="0.0">
                                                 
                                               </testcase><testcase classname="forcomp.AnagramsSuite" name="sentence anagrams: Apple pie" time="0.0080">
                                                 
                                               </testcase>
                     <system-out></system-out>
                     <system-err></system-err>
                   </testsuite>