<?xml version='1.0' encoding='UTF-8'?>
<testsuite hostname="Soyeonui-iMac.local" name="nodescala.NodeScalaSuite" tests="6" errors="0" failures="0" time="2.535">
                     <properties>
[...]
</properties>
                     <testcase classname="nodescala.NodeScalaSuite" name="A Future should always be completed" time="0.009">
                                                 
                                               </testcase><testcase classname="nodescala.NodeScalaSuite" name="A Future should never be completed" time="1.005">
                                                 
                                               </testcase><testcase classname="nodescala.NodeScalaSuite" name="test" time="1.006">
                                                 
                                               </testcase><testcase classname="nodescala.NodeScalaSuite" name="all" time="0.005">
                                                 
                                               </testcase><testcase classname="nodescala.NodeScalaSuite" name="any" time="0.002">
                                                 
                                               </testcase><testcase classname="nodescala.NodeScalaSuite" name="Server should serve requests" time="0.508">
                                                 
                                               </testcase>
                     <system-out></system-out>
                     <system-err></system-err>
                   </testsuite>